0 info it worked if it ends with ok
1 verbose cli [ '/u/qadri/softwares/node-v6.2.2-linux-x64/bin/node',
1 verbose cli   '/u/qadri/softwares/node-v6.2.2-linux-x64/bin/npm',
1 verbose cli   'start' ]
2 info using npm@3.9.5
3 info using node@v6.2.2
4 verbose run-script [ 'prestart', 'start', 'poststart' ]
5 info lifecycle sample-redux@1.0.0~prestart: sample-redux@1.0.0
6 silly lifecycle sample-redux@1.0.0~prestart: no script for prestart, continuing
7 info lifecycle sample-redux@1.0.0~start: sample-redux@1.0.0
8 verbose lifecycle sample-redux@1.0.0~start: unsafe-perm in lifecycle true
9 verbose lifecycle sample-redux@1.0.0~start: PATH: /u/qadri/softwares/node-v6.2.2-linux-x64/lib/node_modules/npm/bin/node-gyp-bin:/u/qadri/git/mygithub/reactjs/sample-redux/node_modules/.bin:/u/qadri/softwares/node-v6.2.2-linux-x64/bin:/u/qadri/softwares/node-v6.2.2-linux-x64/bin:/u/qadri/softwares/apache-maven-3.2.1/bin:/u/qadri/softwares/apache-ant-1.9.4/bin:/u/qadri/.npm-packages/bin:/usr/local/bin:/usr/local/etc:/usr/local/java/jdk/bin:/usr/bin:/bin:/usr/sbin:/sbin:/usr/local/sybase/bin:/prod/tools/packages/bin:.:/prod/tools/base/bin/share
10 verbose lifecycle sample-redux@1.0.0~start: CWD: /u/qadri/git/mygithub/reactjs/sample-redux
11 silly lifecycle sample-redux@1.0.0~start: Args: [ '-c',
11 silly lifecycle   'browserify --debug --extension=js -o index.js main.js && http-server -p 8000' ]
12 silly lifecycle sample-redux@1.0.0~start: Returned: code: 1  signal: null
13 info lifecycle sample-redux@1.0.0~start: Failed to exec start script
14 verbose stack Error: sample-redux@1.0.0 start: `browserify --debug --extension=js -o index.js main.js && http-server -p 8000`
14 verbose stack Exit status 1
14 verbose stack     at EventEmitter.<anonymous> (/u/qadri/softwares/node-v6.2.2-linux-x64/lib/node_modules/npm/lib/utils/lifecycle.js:245:16)
14 verbose stack     at emitTwo (events.js:106:13)
14 verbose stack     at EventEmitter.emit (events.js:191:7)
14 verbose stack     at ChildProcess.<anonymous> (/u/qadri/softwares/node-v6.2.2-linux-x64/lib/node_modules/npm/lib/utils/spawn.js:24:14)
14 verbose stack     at emitTwo (events.js:106:13)
14 verbose stack     at ChildProcess.emit (events.js:191:7)
14 verbose stack     at maybeClose (internal/child_process.js:852:16)
14 verbose stack     at Process.ChildProcess._handle.onexit (internal/child_process.js:215:5)
15 verbose pkgid sample-redux@1.0.0
16 verbose cwd /u/qadri/git/mygithub/reactjs/sample-redux
17 error Linux 3.10.0-514.26.2.el7.x86_64
18 error argv "/u/qadri/softwares/node-v6.2.2-linux-x64/bin/node" "/u/qadri/softwares/node-v6.2.2-linux-x64/bin/npm" "start"
19 error node v6.2.2
20 error npm  v3.9.5
21 error code ELIFECYCLE
22 error sample-redux@1.0.0 start: `browserify --debug --extension=js -o index.js main.js && http-server -p 8000`
22 error Exit status 1
23 error Failed at the sample-redux@1.0.0 start script 'browserify --debug --extension=js -o index.js main.js && http-server -p 8000'.
23 error Make sure you have the latest version of node.js and npm installed.
23 error If you do, this is most likely a problem with the sample-redux package,
23 error not with npm itself.
23 error Tell the author that this fails on your system:
23 error     browserify --debug --extension=js -o index.js main.js && http-server -p 8000
23 error You can get information on how to open an issue for this project with:
23 error     npm bugs sample-redux
23 error Or if that isn't available, you can get their info via:
23 error     npm owner ls sample-redux
23 error There is likely additional logging output above.
24 verbose exit [ 1, true ]
